<?xml version="1.0" encoding="UTF-8"?>
<!-- Generated by org.testng.reporters.JUnitReportReporter -->
<testsuite hostname="DESKTOP-GQRGP5O" failures="0" tests="1" name="tests.LoginTest" time="14.721" errors="0" timestamp="2025-06-19T14:57:21 IST" skipped="0">
  <testcase classname="tests.LoginTest" name="testLogin" time="14.721"/>
  <system-out/>
</testsuite> <!-- tests.LoginTest -->
