<?xml version="1.0" encoding="UTF-8"?>
<!-- Generated by org.testng.reporters.JUnitReportReporter -->
<testsuite hostname="DESKTOP-GQRGP5O" failures="0" tests="1" name="tests.LoginTest" time="8.543" errors="0" timestamp="2025-06-12T14:48:53 IST" skipped="0">
  <testcase classname="tests.LoginTest" name="testLogin" time="8.543"/>
  <system-out/>
</testsuite> <!-- tests.LoginTest -->
